<?xml version="1.0" encoding="UTF-8"?>
<!-- Generated by org.testng.reporters.JUnitXMLReporter -->
<testsuite hostname="DESKTOP-8AMOLKI" name="Default test" tests="3" failures="0" timestamp="8 Oct 2020 11:27:26 GMT" time="101.854" errors="0">
  <testcase name="horizontalSwipeByPercentage" time="0.0" classname="com.experitest.auto.AndroidDemoTest">
    <skipped/>
  </testcase> <!-- horizontalSwipeByPercentage -->
  <testcase name="setUp" time="57.934" classname="com.experitest.auto.AndroidDemoTest"/>
  <testcase name="test" time="43.907" classname="com.experitest.auto.AndroidDemoTest"/>
</testsuite> <!-- Default test -->
